{"C:\\Users\\hannah\\developer\\kappa\\tic_tac_toe\\problems\\problems.js": {"path":"C:\\Users\\hannah\\developer\\kappa\\tic_tac_toe\\problems\\problems.js","statementMap":{"0":{"start":{"line":43,"column":8},"end":{"line":43,"column":41}},"1":{"start":{"line":44,"column":8},"end":{"line":44,"column":43}},"2":{"start":{"line":48,"column":8},"end":{"line":48,"column":52}},"3":{"start":{"line":49,"column":8},"end":{"line":49,"column":54}},"4":{"start":{"line":50,"column":8},"end":{"line":50,"column":74}},"5":{"start":{"line":54,"column":8},"end":{"line":57,"column":9}},"6":{"start":{"line":55,"column":32},"end":{"line":55,"column":62}},"7":{"start":{"line":56,"column":12},"end":{"line":56,"column":59}},"8":{"start":{"line":58,"column":8},"end":{"line":58,"column":56}},"9":{"start":{"line":62,"column":8},"end":{"line":65,"column":9}},"10":{"start":{"line":63,"column":30},"end":{"line":63,"column":69}},"11":{"start":{"line":64,"column":12},"end":{"line":64,"column":64}},"12":{"start":{"line":66,"column":8},"end":{"line":66,"column":65}},"13":{"start":{"line":70,"column":28},"end":{"line":70,"column":58}},"14":{"start":{"line":71,"column":8},"end":{"line":71,"column":42}},"15":{"start":{"line":72,"column":8},"end":{"line":72,"column":51}},"16":{"start":{"line":73,"column":8},"end":{"line":73,"column":61}},"17":{"start":{"line":77,"column":26},"end":{"line":77,"column":65}},"18":{"start":{"line":78,"column":8},"end":{"line":78,"column":51}},"19":{"start":{"line":79,"column":8},"end":{"line":79,"column":47}},"20":{"start":{"line":80,"column":8},"end":{"line":80,"column":68}},"21":{"start":{"line":84,"column":29},"end":{"line":84,"column":31}},"22":{"start":{"line":85,"column":8},"end":{"line":87,"column":11}},"23":{"start":{"line":86,"column":12},"end":{"line":86,"column":66}},"24":{"start":{"line":88,"column":8},"end":{"line":88,"column":30}},"25":{"start":{"line":93,"column":4},"end":{"line":97,"column":7}},"26":{"start":{"line":94,"column":8},"end":{"line":96,"column":9}},"27":{"start":{"line":95,"column":12},"end":{"line":95,"column":31}},"28":{"start":{"line":98,"column":4},"end":{"line":98,"column":16}},"29":{"start":{"line":102,"column":22},"end":{"line":102,"column":49}},"30":{"start":{"line":103,"column":17},"end":{"line":103,"column":35}},"31":{"start":{"line":104,"column":4},"end":{"line":104,"column":16}},"32":{"start":{"line":107,"column":0},"end":{"line":111,"column":1}}},"fnMap":{"0":{"name":"(anonymous_0)","decl":{"start":{"line":42,"column":4},"end":{"line":42,"column":5}},"loc":{"start":{"line":42,"column":17},"end":{"line":45,"column":5}},"line":42},"1":{"name":"(anonymous_1)","decl":{"start":{"line":47,"column":4},"end":{"line":47,"column":5}},"loc":{"start":{"line":47,"column":31},"end":{"line":51,"column":5}},"line":47},"2":{"name":"(anonymous_2)","decl":{"start":{"line":53,"column":4},"end":{"line":53,"column":5}},"loc":{"start":{"line":53,"column":22},"end":{"line":59,"column":5}},"line":53},"3":{"name":"(anonymous_3)","decl":{"start":{"line":61,"column":4},"end":{"line":61,"column":5}},"loc":{"start":{"line":61,"column":31},"end":{"line":67,"column":5}},"line":61},"4":{"name":"(anonymous_4)","decl":{"start":{"line":69,"column":4},"end":{"line":69,"column":5}},"loc":{"start":{"line":69,"column":22},"end":{"line":74,"column":5}},"line":69},"5":{"name":"(anonymous_5)","decl":{"start":{"line":76,"column":4},"end":{"line":76,"column":5}},"loc":{"start":{"line":76,"column":31},"end":{"line":81,"column":5}},"line":76},"6":{"name":"(anonymous_6)","decl":{"start":{"line":83,"column":4},"end":{"line":83,"column":5}},"loc":{"start":{"line":83,"column":11},"end":{"line":89,"column":5}},"line":83},"7":{"name":"(anonymous_7)","decl":{"start":{"line":85,"column":37},"end":{"line":85,"column":38}},"loc":{"start":{"line":85,"column":55},"end":{"line":87,"column":9}},"line":85},"8":{"name":"uniqueElementsOfSetB","decl":{"start":{"line":92,"column":9},"end":{"line":92,"column":29}},"loc":{"start":{"line":92,"column":41},"end":{"line":99,"column":1}},"line":92},"9":{"name":"(anonymous_9)","decl":{"start":{"line":93,"column":17},"end":{"line":93,"column":18}},"loc":{"start":{"line":93,"column":26},"end":{"line":97,"column":5}},"line":93},"10":{"name":"joinTwoSets","decl":{"start":{"line":101,"column":9},"end":{"line":101,"column":20}},"loc":{"start":{"line":101,"column":32},"end":{"line":105,"column":1}},"line":101}},"branchMap":{"0":{"loc":{"start":{"line":54,"column":8},"end":{"line":57,"column":9}},"type":"if","locations":[{"start":{"line":54,"column":8},"end":{"line":57,"column":9}},{"start":{"line":54,"column":8},"end":{"line":57,"column":9}}],"line":54},"1":{"loc":{"start":{"line":62,"column":8},"end":{"line":65,"column":9}},"type":"if","locations":[{"start":{"line":62,"column":8},"end":{"line":65,"column":9}},{"start":{"line":62,"column":8},"end":{"line":65,"column":9}}],"line":62},"2":{"loc":{"start":{"line":94,"column":8},"end":{"line":96,"column":9}},"type":"if","locations":[{"start":{"line":94,"column":8},"end":{"line":96,"column":9}},{"start":{"line":94,"column":8},"end":{"line":96,"column":9}}],"line":94}},"s":{"0":6,"1":6,"2":9,"3":9,"4":9,"5":7,"6":3,"7":3,"8":4,"9":7,"10":3,"11":3,"12":4,"13":2,"14":2,"15":2,"16":2,"17":2,"18":2,"19":2,"20":2,"21":1,"22":1,"23":2,"24":1,"25":3,"26":6,"27":1,"28":3,"29":3,"30":3,"31":3,"32":1},"f":{"0":6,"1":9,"2":7,"3":7,"4":2,"5":2,"6":1,"7":2,"8":3,"9":6,"10":3},"b":{"0":[3,4],"1":[3,4],"2":[1,5]},"_coverageSchema":"1a1c01bbd47fc00a2c39e90264f33305004495a9","hash":"856b4d500c20b2174d43fab7653b7b4546f7e85c"}
}
