TN:
SF:problems\problems.js
FN:42,(anonymous_0)
FN:47,(anonymous_1)
FN:53,(anonymous_2)
FN:61,(anonymous_3)
FN:69,(anonymous_4)
FN:76,(anonymous_5)
FN:83,(anonymous_6)
FN:85,(anonymous_7)
FN:92,uniqueElementsOfSetB
FN:93,(anonymous_9)
FN:101,joinTwoSets
FNF:11
FNH:11
FNDA:6,(anonymous_0)
FNDA:9,(anonymous_1)
FNDA:7,(anonymous_2)
FNDA:7,(anonymous_3)
FNDA:2,(anonymous_4)
FNDA:2,(anonymous_5)
FNDA:1,(anonymous_6)
FNDA:2,(anonymous_7)
FNDA:3,uniqueElementsOfSetB
FNDA:6,(anonymous_9)
FNDA:3,joinTwoSets
DA:43,6
DA:44,6
DA:48,9
DA:49,9
DA:50,9
DA:54,7
DA:55,3
DA:56,3
DA:58,4
DA:62,7
DA:63,3
DA:64,3
DA:66,4
DA:70,2
DA:71,2
DA:72,2
DA:73,2
DA:77,2
DA:78,2
DA:79,2
DA:80,2
DA:84,1
DA:85,1
DA:86,2
DA:88,1
DA:93,3
DA:94,6
DA:95,1
DA:98,3
DA:102,3
DA:103,3
DA:104,3
DA:107,1
LF:33
LH:33
BRDA:54,0,0,3
BRDA:54,0,1,4
BRDA:62,1,0,3
BRDA:62,1,1,4
BRDA:94,2,0,1
BRDA:94,2,1,5
BRF:6
BRH:6
end_of_record
